offset = 0 , key = asdasdawer , value = {"id": "asdasdawer1526390311352", "name": "marco", "surname": "bababa"}
offset = 1 , key = asdasdawer , value = {"id": "asdasdawer1526390863762", "name": "marco", "surname": "bababa"}
offset = 2 , key = wawadada , value = {"id": "wawadada1526391715262", "name": "michele", "surname": "bonavita"}
offset = 3 , key = asdone , value = {"id": "asdone1526392098468", "name": "pluto_paperino", "surname": "nonna_papera"}
offset = 4 , key = ciaone , value = {"id": "ciaone1526396461206", "name": "pluto_paperinobaubau", "surname": "nonna_papera"}
offset = 5 , key = amanzo , value = {"id": "amanzo1526396924735", "name": "amanzotorchia", "surname": "nonna_papera"}
offset = 6 , key = amanzo , value = {"id": "amanzo1526396957549", "name": "amanzotorchia", "surname": "nonna_papera"}
offset = 7 , key = cicciociaccio , value = {"id": "cicciociaccio1526461859528", "name": "michiamo", "surname": "bho"}
UserProcessor#avro_consumerkey: asdasdawer, value: {"id": "asdasdawer1526390311352", "name": "marco", "surname": "bababa"}
key: asdasdawer, value: {"id": "asdasdawer1526390863762", "name": "marco", "surname": "bababa"}
key: wawadada, value: {"id": "wawadada1526391715262", "name": "michele", "surname": "bonavita"}
key: asdone, value: {"id": "asdone1526392098468", "name": "pluto_paperino", "surname": "nonna_papera"}
key: ciaone, value: {"id": "ciaone1526396461206", "name": "pluto_paperinobaubau", "surname": "nonna_papera"}
key: amanzo, value: {"id": "amanzo1526396924735", "name": "amanzotorchia", "surname": "nonna_papera"}
key: amanzo, value: {"id": "amanzo1526396957549", "name": "amanzotorchia", "surname": "nonna_papera"}
key: cicciociaccio, value: {"id": "cicciociaccio1526461859528", "name": "michiamo", "surname": "bho"}

offset = 0 , key = cicciociaccio , value = {"id": "cicciociaccio1526463606841", "name": "michiamo", "surname": "bho"}
UserProcessor#avro_consumerkey: cicciociaccio, value: {"id": "cicciociaccio1526463606841", "name": "michiamo", "surname": "bho"}

UserProcessor# state store key: cicciociacciovalue: {"id": "cicciociaccio1526463606841", "name": "michiamoProcessed", "surname": "bhoProcessed"}
UserProcessor# state store key: cicciociaccioasdasdvalue: {"id": "cicciociaccioasdasd1526465006671", "name": "michiamoProcessed", "surname": "bhoProcessed"}
UserProcessor# state store key: mumumumuvalue: {"id": "mumumumu1526465241069", "name": "michiamoProcessed", "surname": "bhoProcessed"}
UserProcessor# state store key: pincopallovalue: {"id": "pincopallo1526465370987", "name": "michiamoProcessed", "surname": "bhoProcessed"}
UserProcessor# state store key: sddsfvalue: {"id": "sddsf1526465447470", "name": "michiamoProcessed", "surname": "bhoProcessed"}
offset = 0 , key = sddsf , value = {"id": "sddsf1526477607070", "name": "michiamo", "surname": "bho"}
UserProcessor#avro_consumerkey: sddsf, value: {"id": "sddsf1526477607070", "name": "michiamo", "surname": "bho"}

offset = 0 , key = sddsf , value = {"id": "sddsf1526477607070", "name": "michiamo", "surname": "bho"}
UserProcessor#avro_consumerkey: sddsf, value: {"id": "sddsf1526477607070", "name": "michiamo", "surname": "bho"}

offset = 0 , key = sddsf , value = {"id": "sddsf1526477607070", "name": "michiamoProcessed", "surname": "bhoProcessed"}
UserProcessor#avro_consumerkey: sddsf, value: {"id": "sddsf1526477607070", "name": "michiamoProcessed", "surname": "bhoProcessed"}

offset = 0 , key = sddsf , value = {"id": "sddsf1526477607070", "name": "michiamoProcessed", "surname": "bhoProcessed"}
offset = 1 , key = wablabdabdab , value = {"id": "wablabdabdab1526477928153", "name": "rick293Processed", "surname": "mortyProcessed"}
UserProcessor#avro_consumerkey: sddsf, value: {"id": "sddsf1526477607070", "name": "michiamoProcessed", "surname": "bhoProcessed"}
key: wablabdabdab, value: {"id": "wablabdabdab1526477928153", "name": "rick293Processed", "surname": "mortyProcessed"}

offset = 0 , key = wablabdabdab486 , value = {"id": "wablabdabdab4861526482300393", "name": "rick36", "surname": "morty798"}
offset = 1 , key = wablabdabdab704 , value = {"id": "wablabdabdab7041526482302647", "name": "rick218", "surname": "morty188"}
offset = 2 , key = wablabdabdab381 , value = {"id": "wablabdabdab3811526482303692", "name": "rick836", "surname": "morty558"}
offset = 3 , key = wablabdabdab277 , value = {"id": "wablabdabdab2771526482305589", "name": "rick447", "surname": "morty997"}
offset = 4 , key = wablabdabdab673 , value = {"id": "wablabdabdab6731526482308589", "name": "rick231", "surname": "morty228"}
offset = 5 , key = wablabdabdab954 , value = {"id": "wablabdabdab9541526482309828", "name": "rick404", "surname": "morty604"}
offset = 6 , key = wablabdabdab722 , value = {"id": "wablabdabdab7221526482322209", "name": "rick210", "surname": "morty780"}
offset = 7 , key = wablabdabdab600 , value = {"id": "wablabdabdab6001526482323215", "name": "rick280", "surname": "morty167"}
UserProcessor#avro_consumerkey: wablabdabdab486, value: {"id": "wablabdabdab4861526482300393", "name": "rick36", "surname": "morty798"}
key: wablabdabdab704, value: {"id": "wablabdabdab7041526482302647", "name": "rick218", "surname": "morty188"}
key: wablabdabdab381, value: {"id": "wablabdabdab3811526482303692", "name": "rick836", "surname": "morty558"}
key: wablabdabdab277, value: {"id": "wablabdabdab2771526482305589", "name": "rick447", "surname": "morty997"}
key: wablabdabdab673, value: {"id": "wablabdabdab6731526482308589", "name": "rick231", "surname": "morty228"}
key: wablabdabdab954, value: {"id": "wablabdabdab9541526482309828", "name": "rick404", "surname": "morty604"}
key: wablabdabdab722, value: {"id": "wablabdabdab7221526482322209", "name": "rick210", "surname": "morty780"}
key: wablabdabdab600, value: {"id": "wablabdabdab6001526482323215", "name": "rick280", "surname": "morty167"}

offset = 0 , key = wablabdabdab486 , value = {"id": "wablabdabdab4861526482300393", "name": "rick36Processed", "surname": "morty798Processed"}
offset = 1 , key = wablabdabdab704 , value = {"id": "wablabdabdab7041526482302647", "name": "rick218Processed", "surname": "morty188Processed"}
offset = 2 , key = wablabdabdab381 , value = {"id": "wablabdabdab3811526482303692", "name": "rick836Processed", "surname": "morty558Processed"}
offset = 3 , key = wablabdabdab277 , value = {"id": "wablabdabdab2771526482305589", "name": "rick447Processed", "surname": "morty997Processed"}
offset = 4 , key = wablabdabdab673 , value = {"id": "wablabdabdab6731526482308589", "name": "rick231Processed", "surname": "morty228Processed"}
offset = 5 , key = wablabdabdab954 , value = {"id": "wablabdabdab9541526482309828", "name": "rick404Processed", "surname": "morty604Processed"}
offset = 6 , key = wablabdabdab722 , value = {"id": "wablabdabdab7221526482322209", "name": "rick210Processed", "surname": "morty780Processed"}
offset = 7 , key = wablabdabdab600 , value = {"id": "wablabdabdab6001526482323215", "name": "rick280Processed", "surname": "morty167Processed"}
offset = 8 , key = wablabdabdab272 , value = {"id": "wablabdabdab2721526483014641", "name": "rick957Processed", "surname": "morty835Processed"}
offset = 9 , key = wablabdabdab746 , value = {"id": "wablabdabdab7461526483016779", "name": "rick479Processed", "surname": "morty295Processed"}
offset = 10 , key = wablabdabdab101 , value = {"id": "wablabdabdab1011526483017502", "name": "rick130Processed", "surname": "morty755Processed"}
offset = 11 , key = wablabdabdab452 , value = {"id": "wablabdabdab4521526483017928", "name": "rick459Processed", "surname": "morty458Processed"}
offset = 12 , key = wablabdabdab531 , value = {"id": "wablabdabdab5311526483018559", "name": "rick419Processed", "surname": "morty617Processed"}
offset = 13 , key = wablabdabdab230 , value = {"id": "wablabdabdab2301526483019192", "name": "rick64Processed", "surname": "morty227Processed"}
offset = 14 , key = wablabdabdab135 , value = {"id": "wablabdabdab1351526483019764", "name": "rick553Processed", "surname": "morty2Processed"}
offset = 15 , key = wablabdabdab381 , value = {"id": "wablabdabdab3811526483020414", "name": "rick849Processed", "surname": "morty503Processed"}
offset = 16 , key = wablabdabdab163 , value = {"id": "wablabdabdab1631526483020790", "name": "rick808Processed", "surname": "morty913Processed"}
offset = 17 , key = wablabdabdab361 , value = {"id": "wablabdabdab3611526483021625", "name": "rick88Processed", "surname": "morty324Processed"}
offset = 18 , key = wablabdabdab632 , value = {"id": "wablabdabdab6321526483022550", "name": "rick325Processed", "surname": "morty13Processed"}
offset = 19 , key = wablabdabdab735 , value = {"id": "wablabdabdab7351526483023198", "name": "rick355Processed", "surname": "morty22Processed"}
offset = 20 , key = wablabdabdab833 , value = {"id": "wablabdabdab8331526483024133", "name": "rick103Processed", "surname": "morty259Processed"}
offset = 21 , key = wablabdabdab803 , value = {"id": "wablabdabdab8031526483024827", "name": "rick304Processed", "surname": "morty863Processed"}
UserProcessor#avro_consumerkey: wablabdabdab486, value: {"id": "wablabdabdab4861526482300393", "name": "rick36Processed", "surname": "morty798Processed"}
key: wablabdabdab704, value: {"id": "wablabdabdab7041526482302647", "name": "rick218Processed", "surname": "morty188Processed"}
key: wablabdabdab381, value: {"id": "wablabdabdab3811526482303692", "name": "rick836Processed", "surname": "morty558Processed"}
key: wablabdabdab277, value: {"id": "wablabdabdab2771526482305589", "name": "rick447Processed", "surname": "morty997Processed"}
key: wablabdabdab673, value: {"id": "wablabdabdab6731526482308589", "name": "rick231Processed", "surname": "morty228Processed"}
key: wablabdabdab954, value: {"id": "wablabdabdab9541526482309828", "name": "rick404Processed", "surname": "morty604Processed"}
key: wablabdabdab722, value: {"id": "wablabdabdab7221526482322209", "name": "rick210Processed", "surname": "morty780Processed"}
key: wablabdabdab600, value: {"id": "wablabdabdab6001526482323215", "name": "rick280Processed", "surname": "morty167Processed"}
key: wablabdabdab272, value: {"id": "wablabdabdab2721526483014641", "name": "rick957Processed", "surname": "morty835Processed"}
key: wablabdabdab746, value: {"id": "wablabdabdab7461526483016779", "name": "rick479Processed", "surname": "morty295Processed"}
key: wablabdabdab101, value: {"id": "wablabdabdab1011526483017502", "name": "rick130Processed", "surname": "morty755Processed"}
key: wablabdabdab452, value: {"id": "wablabdabdab4521526483017928", "name": "rick459Processed", "surname": "morty458Processed"}
key: wablabdabdab531, value: {"id": "wablabdabdab5311526483018559", "name": "rick419Processed", "surname": "morty617Processed"}
key: wablabdabdab230, value: {"id": "wablabdabdab2301526483019192", "name": "rick64Processed", "surname": "morty227Processed"}
key: wablabdabdab135, value: {"id": "wablabdabdab1351526483019764", "name": "rick553Processed", "surname": "morty2Processed"}
key: wablabdabdab381, value: {"id": "wablabdabdab3811526483020414", "name": "rick849Processed", "surname": "morty503Processed"}
key: wablabdabdab163, value: {"id": "wablabdabdab1631526483020790", "name": "rick808Processed", "surname": "morty913Processed"}
key: wablabdabdab361, value: {"id": "wablabdabdab3611526483021625", "name": "rick88Processed", "surname": "morty324Processed"}
key: wablabdabdab632, value: {"id": "wablabdabdab6321526483022550", "name": "rick325Processed", "surname": "morty13Processed"}
key: wablabdabdab735, value: {"id": "wablabdabdab7351526483023198", "name": "rick355Processed", "surname": "morty22Processed"}
key: wablabdabdab833, value: {"id": "wablabdabdab8331526483024133", "name": "rick103Processed", "surname": "morty259Processed"}
key: wablabdabdab803, value: {"id": "wablabdabdab8031526483024827", "name": "rick304Processed", "surname": "morty863Processed"}

UserProcessor# state store key: wablabdabdab101value: {"id": "wablabdabdab1011526483017502", "name": "rick130Processed", "surname": "morty755Processed"}
UserProcessor# state store key: wablabdabdab135value: {"id": "wablabdabdab1351526483019764", "name": "rick553Processed", "surname": "morty2Processed"}
UserProcessor# state store key: wablabdabdab163value: {"id": "wablabdabdab1631526483020790", "name": "rick808Processed", "surname": "morty913Processed"}
UserProcessor# state store key: wablabdabdab230value: {"id": "wablabdabdab2301526483019192", "name": "rick64Processed", "surname": "morty227Processed"}
UserProcessor# state store key: wablabdabdab272value: {"id": "wablabdabdab2721526483014641", "name": "rick957Processed", "surname": "morty835Processed"}
UserProcessor# state store key: wablabdabdab277value: {"id": "wablabdabdab2771526482305589", "name": "rick447Processed", "surname": "morty997Processed"}
UserProcessor# state store key: wablabdabdab361value: {"id": "wablabdabdab3611526483021625", "name": "rick88Processed", "surname": "morty324Processed"}
UserProcessor# state store key: wablabdabdab381value: {"id": "wablabdabdab3811526483020414", "name": "rick849Processed", "surname": "morty503Processed"}
UserProcessor# state store key: wablabdabdab452value: {"id": "wablabdabdab4521526483017928", "name": "rick459Processed", "surname": "morty458Processed"}
UserProcessor# state store key: wablabdabdab531value: {"id": "wablabdabdab5311526483018559", "name": "rick419Processed", "surname": "morty617Processed"}
UserProcessor# state store key: wablabdabdab600value: {"id": "wablabdabdab6001526482323215", "name": "rick280Processed", "surname": "morty167Processed"}
UserProcessor# state store key: wablabdabdab632value: {"id": "wablabdabdab6321526483022550", "name": "rick325Processed", "surname": "morty13Processed"}
UserProcessor# state store key: wablabdabdab673value: {"id": "wablabdabdab6731526482308589", "name": "rick231Processed", "surname": "morty228Processed"}
UserProcessor# state store key: wablabdabdab722value: {"id": "wablabdabdab7221526482322209", "name": "rick210Processed", "surname": "morty780Processed"}
UserProcessor# state store key: wablabdabdab735value: {"id": "wablabdabdab7351526483023198", "name": "rick355Processed", "surname": "morty22Processed"}
UserProcessor# state store key: wablabdabdab746value: {"id": "wablabdabdab7461526483016779", "name": "rick479Processed", "surname": "morty295Processed"}
UserProcessor# state store key: wablabdabdab803value: {"id": "wablabdabdab8031526483024827", "name": "rick304Processed", "surname": "morty863Processed"}
UserProcessor# state store key: wablabdabdab833value: {"id": "wablabdabdab8331526483024133", "name": "rick103Processed", "surname": "morty259Processed"}
UserProcessor# state store key: wablabdabdab954value: {"id": "wablabdabdab9541526482309828", "name": "rick404Processed", "surname": "morty604Processed"}
offset = 0 , key = wablabdabdab486 , value = {"id": "wablabdabdab4861526482300393", "name": "rick36", "surname": "morty798"}
offset = 1 , key = wablabdabdab704 , value = {"id": "wablabdabdab7041526482302647", "name": "rick218", "surname": "morty188"}
offset = 2 , key = wablabdabdab381 , value = {"id": "wablabdabdab3811526482303692", "name": "rick836", "surname": "morty558"}
offset = 3 , key = wablabdabdab277 , value = {"id": "wablabdabdab2771526482305589", "name": "rick447", "surname": "morty997"}
offset = 4 , key = wablabdabdab673 , value = {"id": "wablabdabdab6731526482308589", "name": "rick231", "surname": "morty228"}
offset = 5 , key = wablabdabdab954 , value = {"id": "wablabdabdab9541526482309828", "name": "rick404", "surname": "morty604"}
offset = 6 , key = wablabdabdab722 , value = {"id": "wablabdabdab7221526482322209", "name": "rick210", "surname": "morty780"}
offset = 7 , key = wablabdabdab600 , value = {"id": "wablabdabdab6001526482323215", "name": "rick280", "surname": "morty167"}
offset = 8 , key = wablabdabdab272 , value = {"id": "wablabdabdab2721526483014641", "name": "rick957", "surname": "morty835"}
offset = 9 , key = wablabdabdab746 , value = {"id": "wablabdabdab7461526483016779", "name": "rick479", "surname": "morty295"}
offset = 10 , key = wablabdabdab101 , value = {"id": "wablabdabdab1011526483017502", "name": "rick130", "surname": "morty755"}
offset = 11 , key = wablabdabdab452 , value = {"id": "wablabdabdab4521526483017928", "name": "rick459", "surname": "morty458"}
offset = 12 , key = wablabdabdab531 , value = {"id": "wablabdabdab5311526483018559", "name": "rick419", "surname": "morty617"}
offset = 13 , key = wablabdabdab230 , value = {"id": "wablabdabdab2301526483019192", "name": "rick64", "surname": "morty227"}
offset = 14 , key = wablabdabdab135 , value = {"id": "wablabdabdab1351526483019764", "name": "rick553", "surname": "morty2"}
offset = 15 , key = wablabdabdab381 , value = {"id": "wablabdabdab3811526483020414", "name": "rick849", "surname": "morty503"}
offset = 16 , key = wablabdabdab163 , value = {"id": "wablabdabdab1631526483020790", "name": "rick808", "surname": "morty913"}
offset = 17 , key = wablabdabdab361 , value = {"id": "wablabdabdab3611526483021625", "name": "rick88", "surname": "morty324"}
offset = 18 , key = wablabdabdab632 , value = {"id": "wablabdabdab6321526483022550", "name": "rick325", "surname": "morty13"}
offset = 19 , key = wablabdabdab735 , value = {"id": "wablabdabdab7351526483023198", "name": "rick355", "surname": "morty22"}
offset = 20 , key = wablabdabdab833 , value = {"id": "wablabdabdab8331526483024133", "name": "rick103", "surname": "morty259"}
offset = 21 , key = wablabdabdab803 , value = {"id": "wablabdabdab8031526483024827", "name": "rick304", "surname": "morty863"}
UserProcessor#avro_consumerkey: wablabdabdab486, value: {"id": "wablabdabdab4861526482300393", "name": "rick36", "surname": "morty798"}
key: wablabdabdab704, value: {"id": "wablabdabdab7041526482302647", "name": "rick218", "surname": "morty188"}
key: wablabdabdab381, value: {"id": "wablabdabdab3811526482303692", "name": "rick836", "surname": "morty558"}
key: wablabdabdab277, value: {"id": "wablabdabdab2771526482305589", "name": "rick447", "surname": "morty997"}
key: wablabdabdab673, value: {"id": "wablabdabdab6731526482308589", "name": "rick231", "surname": "morty228"}
key: wablabdabdab954, value: {"id": "wablabdabdab9541526482309828", "name": "rick404", "surname": "morty604"}
key: wablabdabdab722, value: {"id": "wablabdabdab7221526482322209", "name": "rick210", "surname": "morty780"}
key: wablabdabdab600, value: {"id": "wablabdabdab6001526482323215", "name": "rick280", "surname": "morty167"}
key: wablabdabdab272, value: {"id": "wablabdabdab2721526483014641", "name": "rick957", "surname": "morty835"}
key: wablabdabdab746, value: {"id": "wablabdabdab7461526483016779", "name": "rick479", "surname": "morty295"}
key: wablabdabdab101, value: {"id": "wablabdabdab1011526483017502", "name": "rick130", "surname": "morty755"}
key: wablabdabdab452, value: {"id": "wablabdabdab4521526483017928", "name": "rick459", "surname": "morty458"}
key: wablabdabdab531, value: {"id": "wablabdabdab5311526483018559", "name": "rick419", "surname": "morty617"}
key: wablabdabdab230, value: {"id": "wablabdabdab2301526483019192", "name": "rick64", "surname": "morty227"}
key: wablabdabdab135, value: {"id": "wablabdabdab1351526483019764", "name": "rick553", "surname": "morty2"}
key: wablabdabdab381, value: {"id": "wablabdabdab3811526483020414", "name": "rick849", "surname": "morty503"}
key: wablabdabdab163, value: {"id": "wablabdabdab1631526483020790", "name": "rick808", "surname": "morty913"}
key: wablabdabdab361, value: {"id": "wablabdabdab3611526483021625", "name": "rick88", "surname": "morty324"}
key: wablabdabdab632, value: {"id": "wablabdabdab6321526483022550", "name": "rick325", "surname": "morty13"}
key: wablabdabdab735, value: {"id": "wablabdabdab7351526483023198", "name": "rick355", "surname": "morty22"}
key: wablabdabdab833, value: {"id": "wablabdabdab8331526483024133", "name": "rick103", "surname": "morty259"}
key: wablabdabdab803, value: {"id": "wablabdabdab8031526483024827", "name": "rick304", "surname": "morty863"}

UserProcessor# state store key: wablabdabdab101value: {"id": "wablabdabdab1011526483017502", "name": "rick130Processed", "surname": "morty755Processed"}
UserProcessor# state store key: wablabdabdab135value: {"id": "wablabdabdab1351526483019764", "name": "rick553Processed", "surname": "morty2Processed"}
UserProcessor# state store key: wablabdabdab163value: {"id": "wablabdabdab1631526483020790", "name": "rick808Processed", "surname": "morty913Processed"}
UserProcessor# state store key: wablabdabdab230value: {"id": "wablabdabdab2301526483019192", "name": "rick64Processed", "surname": "morty227Processed"}
UserProcessor# state store key: wablabdabdab272value: {"id": "wablabdabdab2721526483014641", "name": "rick957Processed", "surname": "morty835Processed"}
UserProcessor# state store key: wablabdabdab277value: {"id": "wablabdabdab2771526482305589", "name": "rick447Processed", "surname": "morty997Processed"}
UserProcessor# state store key: wablabdabdab361value: {"id": "wablabdabdab3611526483021625", "name": "rick88Processed", "surname": "morty324Processed"}
UserProcessor# state store key: wablabdabdab381value: {"id": "wablabdabdab3811526483020414", "name": "rick849Processed", "surname": "morty503Processed"}
UserProcessor# state store key: wablabdabdab452value: {"id": "wablabdabdab4521526483017928", "name": "rick459Processed", "surname": "morty458Processed"}
UserProcessor# state store key: wablabdabdab531value: {"id": "wablabdabdab5311526483018559", "name": "rick419Processed", "surname": "morty617Processed"}
UserProcessor# state store key: wablabdabdab600value: {"id": "wablabdabdab6001526482323215", "name": "rick280Processed", "surname": "morty167Processed"}
UserProcessor# state store key: wablabdabdab632value: {"id": "wablabdabdab6321526483022550", "name": "rick325Processed", "surname": "morty13Processed"}
UserProcessor# state store key: wablabdabdab673value: {"id": "wablabdabdab6731526482308589", "name": "rick231Processed", "surname": "morty228Processed"}
UserProcessor# state store key: wablabdabdab722value: {"id": "wablabdabdab7221526482322209", "name": "rick210Processed", "surname": "morty780Processed"}
UserProcessor# state store key: wablabdabdab735value: {"id": "wablabdabdab7351526483023198", "name": "rick355Processed", "surname": "morty22Processed"}
UserProcessor# state store key: wablabdabdab746value: {"id": "wablabdabdab7461526483016779", "name": "rick479Processed", "surname": "morty295Processed"}
UserProcessor# state store key: wablabdabdab803value: {"id": "wablabdabdab8031526483024827", "name": "rick304Processed", "surname": "morty863Processed"}
UserProcessor# state store key: wablabdabdab833value: {"id": "wablabdabdab8331526483024133", "name": "rick103Processed", "surname": "morty259Processed"}
UserProcessor# state store key: wablabdabdab954value: {"id": "wablabdabdab9541526482309828", "name": "rick404Processed", "surname": "morty604Processed"}
UserProcessor# state store key: wablabdabdab101value: {"id": "wablabdabdab1011526483017502", "name": "rick130Processed", "surname": "morty755Processed"}
UserProcessor# state store key: wablabdabdab135value: {"id": "wablabdabdab1351526483019764", "name": "rick553Processed", "surname": "morty2Processed"}
UserProcessor# state store key: wablabdabdab163value: {"id": "wablabdabdab1631526483020790", "name": "rick808Processed", "surname": "morty913Processed"}
UserProcessor# state store key: wablabdabdab230value: {"id": "wablabdabdab2301526483019192", "name": "rick64Processed", "surname": "morty227Processed"}
UserProcessor# state store key: wablabdabdab272value: {"id": "wablabdabdab2721526483014641", "name": "rick957Processed", "surname": "morty835Processed"}
UserProcessor# state store key: wablabdabdab277value: {"id": "wablabdabdab2771526482305589", "name": "rick447Processed", "surname": "morty997Processed"}
UserProcessor# state store key: wablabdabdab361value: {"id": "wablabdabdab3611526483021625", "name": "rick88Processed", "surname": "morty324Processed"}
UserProcessor# state store key: wablabdabdab381value: {"id": "wablabdabdab3811526483020414", "name": "rick849Processed", "surname": "morty503Processed"}
UserProcessor# state store key: wablabdabdab393value: {"id": "wablabdabdab3931526486447505", "name": "rick246Processed", "surname": "morty59Processed"}
UserProcessor# state store key: wablabdabdab452value: {"id": "wablabdabdab4521526483017928", "name": "rick459Processed", "surname": "morty458Processed"}
UserProcessor# state store key: wablabdabdab531value: {"id": "wablabdabdab5311526483018559", "name": "rick419Processed", "surname": "morty617Processed"}
UserProcessor# state store key: wablabdabdab600value: {"id": "wablabdabdab6001526482323215", "name": "rick280Processed", "surname": "morty167Processed"}
UserProcessor# state store key: wablabdabdab632value: {"id": "wablabdabdab6321526483022550", "name": "rick325Processed", "surname": "morty13Processed"}
UserProcessor# state store key: wablabdabdab673value: {"id": "wablabdabdab6731526486445575", "name": "rick494Processed", "surname": "morty15Processed"}
UserProcessor# state store key: wablabdabdab722value: {"id": "wablabdabdab7221526482322209", "name": "rick210Processed", "surname": "morty780Processed"}
UserProcessor# state store key: wablabdabdab735value: {"id": "wablabdabdab7351526483023198", "name": "rick355Processed", "surname": "morty22Processed"}
UserProcessor# state store key: wablabdabdab746value: {"id": "wablabdabdab7461526483016779", "name": "rick479Processed", "surname": "morty295Processed"}
UserProcessor# state store key: wablabdabdab803value: {"id": "wablabdabdab8031526483024827", "name": "rick304Processed", "surname": "morty863Processed"}
UserProcessor# state store key: wablabdabdab833value: {"id": "wablabdabdab8331526483024133", "name": "rick103Processed", "surname": "morty259Processed"}
UserProcessor# state store key: wablabdabdab954value: {"id": "wablabdabdab9541526482309828", "name": "rick404Processed", "surname": "morty604Processed"}
UserProcessor# state store key: wablabdabdab958value: {"id": "wablabdabdab9581526486446574", "name": "rick783Processed", "surname": "morty367Processed"}
Service is up & running with id is: 15!
Service is up & running with id is: 15!
UserProcessor# state store has found id: wablabdabdab1011526483017502
UserProcessor# state store has found id: wablabdabdab1351526483019764
UserProcessor# state store has found id: wablabdabdab1631526483020790
UserProcessor# state store has found id: wablabdabdab2301526483019192
UserProcessor# state store has found id: wablabdabdab2721526483014641
UserProcessor# state store has found id: wablabdabdab2771526482305589
UserProcessor# state store has found id: wablabdabdab3611526483021625
UserProcessor# state store has found id: wablabdabdab3811526483020414
UserProcessor# state store has found id: wablabdabdab3931526486447505
UserProcessor# state store has found id: wablabdabdab4521526483017928
UserProcessor# state store has found id: wablabdabdab5311526483018559
UserProcessor# state store has found id: wablabdabdab5811526487698656
UserProcessor# state store has found id: wablabdabdab6001526482323215
UserProcessor# state store has found id: wablabdabdab6321526483022550
UserProcessor# state store has found id: wablabdabdab6331526486969217
UserProcessor# state store has found id: wablabdabdab6731526486445575
UserProcessor# state store has found id: wablabdabdab7221526486488951
UserProcessor# state store has found id: wablabdabdab7351526483023198
UserProcessor# state store has found id: wablabdabdab7461526483016779
UserProcessor# state store has found id: wablabdabdab8031526483024827
UserProcessor# state store has found id: wablabdabdab8331526483024133
UserProcessor# state store has found id: wablabdabdab8571526487699998
UserProcessor# state store has found id: wablabdabdab9541526482309828
UserProcessor# state store has found id: wablabdabdab9581526486446574
UserProcessor# state store has found id: wablabdabdab1011526483017502
UserProcessor# state store has found id: wablabdabdab1351526483019764
UserProcessor# state store has found id: wablabdabdab1631526483020790
UserProcessor# state store has found id: wablabdabdab2301526483019192
UserProcessor# state store has found id: wablabdabdab2721526483014641
UserProcessor# state store has found id: wablabdabdab2771526482305589
UserProcessor# state store has found id: wablabdabdab3611526483021625
UserProcessor# state store has found id: wablabdabdab3811526483020414
UserProcessor# state store has found id: wablabdabdab3931526486447505
UserProcessor# state store has found id: wablabdabdab4461526487822844
UserProcessor# state store has found id: wablabdabdab4461526487822844ID FOUND!!!!
UserProcessor# state store has found id: wablabdabdab4521526483017928
UserProcessor# state store has found id: wablabdabdab5311526483018559
UserProcessor# state store has found id: wablabdabdab5811526487698656
UserProcessor# state store has found id: wablabdabdab6001526482323215
UserProcessor# state store has found id: wablabdabdab6321526483022550
UserProcessor# state store has found id: wablabdabdab6331526486969217
UserProcessor# state store has found id: wablabdabdab6731526486445575
UserProcessor# state store has found id: wablabdabdab7221526486488951
UserProcessor# state store has found id: wablabdabdab7351526483023198
UserProcessor# state store has found id: wablabdabdab7461526483016779
UserProcessor# state store has found id: wablabdabdab8031526483024827
UserProcessor# state store has found id: wablabdabdab8331526483024133
UserProcessor# state store has found id: wablabdabdab8571526487699998
UserProcessor# state store has found id: wablabdabdab9541526482309828
UserProcessor# state store has found id: wablabdabdab9581526486446574
UserProcessor# LOOP1
UserProcessor# state store has found id: wablabdabdab1011526483017502
UserProcessor# state store has found id: wablabdabdab1351526483019764
UserProcessor# state store has found id: wablabdabdab1631526483020790
UserProcessor# state store has found id: wablabdabdab2301526483019192
UserProcessor# state store has found id: wablabdabdab2721526483014641
UserProcessor# state store has found id: wablabdabdab2771526482305589
UserProcessor# state store has found id: wablabdabdab3611526483021625
UserProcessor# state store has found id: wablabdabdab3811526483020414
UserProcessor# state store has found id: wablabdabdab3931526486447505
UserProcessor# state store has found id: wablabdabdab4461526487822844
UserProcessor# state store has found id: wablabdabdab4461526487822844ID FOUND!!!!
UserProcessor# state store has found id: wablabdabdab4521526483017928
UserProcessor# state store has found id: wablabdabdab5311526483018559
UserProcessor# state store has found id: wablabdabdab5811526487698656
UserProcessor# state store has found id: wablabdabdab6001526482323215
UserProcessor# state store has found id: wablabdabdab6321526483022550
UserProcessor# state store has found id: wablabdabdab6331526486969217
UserProcessor# state store has found id: wablabdabdab6731526486445575
UserProcessor# state store has found id: wablabdabdab7221526486488951
UserProcessor# state store has found id: wablabdabdab7351526483023198
UserProcessor# state store has found id: wablabdabdab7461526483016779
UserProcessor# state store has found id: wablabdabdab8031526483024827
UserProcessor# state store has found id: wablabdabdab8331526483024133
UserProcessor# state store has found id: wablabdabdab8571526487699998
UserProcessor# state store has found id: wablabdabdab9541526482309828
UserProcessor# state store has found id: wablabdabdab9581526486446574
UserProcessor# LOOP2
UserProcessor# state store has found id: wablabdabdab1011526483017502
UserProcessor# state store has found id: wablabdabdab1351526483019764
UserProcessor# state store has found id: wablabdabdab1631526483020790
UserProcessor# state store has found id: wablabdabdab2301526483019192
UserProcessor# state store has found id: wablabdabdab2721526483014641
UserProcessor# state store has found id: wablabdabdab2771526482305589
UserProcessor# state store has found id: wablabdabdab3611526483021625
UserProcessor# state store has found id: wablabdabdab3811526483020414
UserProcessor# state store has found id: wablabdabdab3931526486447505
UserProcessor# state store has found id: wablabdabdab4461526487822844
UserProcessor# state store has found id: wablabdabdab4521526483017928
UserProcessor# state store has found id: wablabdabdab5311526483018559
UserProcessor# state store has found id: wablabdabdab5811526487698656
UserProcessor# state store has found id: wablabdabdab6001526482323215
UserProcessor# state store has found id: wablabdabdab6321526483022550
UserProcessor# state store has found id: wablabdabdab6331526486969217
UserProcessor# state store has found id: wablabdabdab6731526486445575
UserProcessor# state store has found id: wablabdabdab7221526486488951
UserProcessor# state store has found id: wablabdabdab7351526483023198
UserProcessor# state store has found id: wablabdabdab7461526483016779
UserProcessor# state store has found id: wablabdabdab8031526483024827
UserProcessor# state store has found id: wablabdabdab8331526483024133
UserProcessor# state store has found id: wablabdabdab8571526487699998
UserProcessor# state store has found id: wablabdabdab9541526482309828
UserProcessor# state store has found id: wablabdabdab9581526486446574
UserProcessor# Response: avrotopic-0@30
UserProcessor# Response: avrotopic-0@31
offset = 0 , key = wablabdabdab486 , value = {"id": "wablabdabdab4861526482300393", "name": "rick36", "surname": "morty798"}
offset = 1 , key = wablabdabdab704 , value = {"id": "wablabdabdab7041526482302647", "name": "rick218", "surname": "morty188"}
offset = 2 , key = wablabdabdab381 , value = {"id": "wablabdabdab3811526482303692", "name": "rick836", "surname": "morty558"}
offset = 3 , key = wablabdabdab277 , value = {"id": "wablabdabdab2771526482305589", "name": "rick447", "surname": "morty997"}
offset = 4 , key = wablabdabdab673 , value = {"id": "wablabdabdab6731526482308589", "name": "rick231", "surname": "morty228"}
offset = 5 , key = wablabdabdab954 , value = {"id": "wablabdabdab9541526482309828", "name": "rick404", "surname": "morty604"}
offset = 6 , key = wablabdabdab722 , value = {"id": "wablabdabdab7221526482322209", "name": "rick210", "surname": "morty780"}
offset = 7 , key = wablabdabdab600 , value = {"id": "wablabdabdab6001526482323215", "name": "rick280", "surname": "morty167"}
offset = 8 , key = wablabdabdab272 , value = {"id": "wablabdabdab2721526483014641", "name": "rick957", "surname": "morty835"}
offset = 9 , key = wablabdabdab746 , value = {"id": "wablabdabdab7461526483016779", "name": "rick479", "surname": "morty295"}
offset = 10 , key = wablabdabdab101 , value = {"id": "wablabdabdab1011526483017502", "name": "rick130", "surname": "morty755"}
offset = 11 , key = wablabdabdab452 , value = {"id": "wablabdabdab4521526483017928", "name": "rick459", "surname": "morty458"}
offset = 12 , key = wablabdabdab531 , value = {"id": "wablabdabdab5311526483018559", "name": "rick419", "surname": "morty617"}
offset = 13 , key = wablabdabdab230 , value = {"id": "wablabdabdab2301526483019192", "name": "rick64", "surname": "morty227"}
offset = 14 , key = wablabdabdab135 , value = {"id": "wablabdabdab1351526483019764", "name": "rick553", "surname": "morty2"}
offset = 15 , key = wablabdabdab381 , value = {"id": "wablabdabdab3811526483020414", "name": "rick849", "surname": "morty503"}
offset = 16 , key = wablabdabdab163 , value = {"id": "wablabdabdab1631526483020790", "name": "rick808", "surname": "morty913"}
offset = 17 , key = wablabdabdab361 , value = {"id": "wablabdabdab3611526483021625", "name": "rick88", "surname": "morty324"}
offset = 18 , key = wablabdabdab632 , value = {"id": "wablabdabdab6321526483022550", "name": "rick325", "surname": "morty13"}
offset = 19 , key = wablabdabdab735 , value = {"id": "wablabdabdab7351526483023198", "name": "rick355", "surname": "morty22"}
offset = 20 , key = wablabdabdab833 , value = {"id": "wablabdabdab8331526483024133", "name": "rick103", "surname": "morty259"}
offset = 21 , key = wablabdabdab803 , value = {"id": "wablabdabdab8031526483024827", "name": "rick304", "surname": "morty863"}
offset = 22 , key = wablabdabdab673 , value = {"id": "wablabdabdab6731526486445575", "name": "rick494", "surname": "morty15"}
offset = 23 , key = wablabdabdab958 , value = {"id": "wablabdabdab9581526486446574", "name": "rick783", "surname": "morty367"}
offset = 24 , key = wablabdabdab393 , value = {"id": "wablabdabdab3931526486447505", "name": "rick246", "surname": "morty59"}
offset = 25 , key = wablabdabdab722 , value = {"id": "wablabdabdab7221526486488951", "name": "rick243", "surname": "morty552"}
offset = 26 , key = wablabdabdab633 , value = {"id": "wablabdabdab6331526486969217", "name": "rick240", "surname": "morty130"}
offset = 27 , key = wablabdabdab581 , value = {"id": "wablabdabdab5811526487698656", "name": "rick532", "surname": "morty614"}
offset = 28 , key = wablabdabdab857 , value = {"id": "wablabdabdab8571526487699998", "name": "rick157", "surname": "morty354"}
offset = 29 , key = wablabdabdab446 , value = {"id": "wablabdabdab4461526487822844", "name": "rick614", "surname": "morty289"}
offset = 30 , key = wablabdabdab111 , value = {"id": "wablabdabdab1111526548153833", "name": "rick320", "surname": "morty665"}
offset = 31 , key = wablabdabdab672 , value = {"id": "wablabdabdab6721526548185387", "name": "rick686", "surname": "morty304"}
offset = 0 , key = wablabdabdab486 , value = {"id": "wablabdabdab4861526482300393", "name": "rick36", "surname": "morty798"}
offset = 1 , key = wablabdabdab704 , value = {"id": "wablabdabdab7041526482302647", "name": "rick218", "surname": "morty188"}
offset = 2 , key = wablabdabdab381 , value = {"id": "wablabdabdab3811526482303692", "name": "rick836", "surname": "morty558"}
offset = 3 , key = wablabdabdab277 , value = {"id": "wablabdabdab2771526482305589", "name": "rick447", "surname": "morty997"}
offset = 4 , key = wablabdabdab673 , value = {"id": "wablabdabdab6731526482308589", "name": "rick231", "surname": "morty228"}
offset = 5 , key = wablabdabdab954 , value = {"id": "wablabdabdab9541526482309828", "name": "rick404", "surname": "morty604"}
offset = 6 , key = wablabdabdab722 , value = {"id": "wablabdabdab7221526482322209", "name": "rick210", "surname": "morty780"}
offset = 7 , key = wablabdabdab600 , value = {"id": "wablabdabdab6001526482323215", "name": "rick280", "surname": "morty167"}
offset = 8 , key = wablabdabdab272 , value = {"id": "wablabdabdab2721526483014641", "name": "rick957", "surname": "morty835"}
offset = 9 , key = wablabdabdab746 , value = {"id": "wablabdabdab7461526483016779", "name": "rick479", "surname": "morty295"}
offset = 10 , key = wablabdabdab101 , value = {"id": "wablabdabdab1011526483017502", "name": "rick130", "surname": "morty755"}
offset = 11 , key = wablabdabdab452 , value = {"id": "wablabdabdab4521526483017928", "name": "rick459", "surname": "morty458"}
offset = 12 , key = wablabdabdab531 , value = {"id": "wablabdabdab5311526483018559", "name": "rick419", "surname": "morty617"}
offset = 13 , key = wablabdabdab230 , value = {"id": "wablabdabdab2301526483019192", "name": "rick64", "surname": "morty227"}
offset = 14 , key = wablabdabdab135 , value = {"id": "wablabdabdab1351526483019764", "name": "rick553", "surname": "morty2"}
offset = 15 , key = wablabdabdab381 , value = {"id": "wablabdabdab3811526483020414", "name": "rick849", "surname": "morty503"}
offset = 16 , key = wablabdabdab163 , value = {"id": "wablabdabdab1631526483020790", "name": "rick808", "surname": "morty913"}
offset = 17 , key = wablabdabdab361 , value = {"id": "wablabdabdab3611526483021625", "name": "rick88", "surname": "morty324"}
offset = 18 , key = wablabdabdab632 , value = {"id": "wablabdabdab6321526483022550", "name": "rick325", "surname": "morty13"}
offset = 19 , key = wablabdabdab735 , value = {"id": "wablabdabdab7351526483023198", "name": "rick355", "surname": "morty22"}
offset = 20 , key = wablabdabdab833 , value = {"id": "wablabdabdab8331526483024133", "name": "rick103", "surname": "morty259"}
offset = 21 , key = wablabdabdab803 , value = {"id": "wablabdabdab8031526483024827", "name": "rick304", "surname": "morty863"}
offset = 22 , key = wablabdabdab673 , value = {"id": "wablabdabdab6731526486445575", "name": "rick494", "surname": "morty15"}
offset = 23 , key = wablabdabdab958 , value = {"id": "wablabdabdab9581526486446574", "name": "rick783", "surname": "morty367"}
offset = 24 , key = wablabdabdab393 , value = {"id": "wablabdabdab3931526486447505", "name": "rick246", "surname": "morty59"}
offset = 25 , key = wablabdabdab722 , value = {"id": "wablabdabdab7221526486488951", "name": "rick243", "surname": "morty552"}
offset = 26 , key = wablabdabdab633 , value = {"id": "wablabdabdab6331526486969217", "name": "rick240", "surname": "morty130"}
offset = 27 , key = wablabdabdab581 , value = {"id": "wablabdabdab5811526487698656", "name": "rick532", "surname": "morty614"}
offset = 28 , key = wablabdabdab857 , value = {"id": "wablabdabdab8571526487699998", "name": "rick157", "surname": "morty354"}
offset = 29 , key = wablabdabdab446 , value = {"id": "wablabdabdab4461526487822844", "name": "rick614", "surname": "morty289"}
offset = 30 , key = wablabdabdab111 , value = {"id": "wablabdabdab1111526548153833", "name": "rick320", "surname": "morty665"}
offset = 31 , key = wablabdabdab672 , value = {"id": "wablabdabdab6721526548185387", "name": "rick686", "surname": "morty304"}
offset = 0 , key = wablabdabdab486 , value = {"id": "wablabdabdab4861526482300393", "name": "rick36", "surname": "morty798"}
offset = 1 , key = wablabdabdab704 , value = {"id": "wablabdabdab7041526482302647", "name": "rick218", "surname": "morty188"}
offset = 2 , key = wablabdabdab381 , value = {"id": "wablabdabdab3811526482303692", "name": "rick836", "surname": "morty558"}
offset = 3 , key = wablabdabdab277 , value = {"id": "wablabdabdab2771526482305589", "name": "rick447", "surname": "morty997"}
offset = 4 , key = wablabdabdab673 , value = {"id": "wablabdabdab6731526482308589", "name": "rick231", "surname": "morty228"}
offset = 5 , key = wablabdabdab954 , value = {"id": "wablabdabdab9541526482309828", "name": "rick404", "surname": "morty604"}
offset = 6 , key = wablabdabdab722 , value = {"id": "wablabdabdab7221526482322209", "name": "rick210", "surname": "morty780"}
offset = 7 , key = wablabdabdab600 , value = {"id": "wablabdabdab6001526482323215", "name": "rick280", "surname": "morty167"}
offset = 8 , key = wablabdabdab272 , value = {"id": "wablabdabdab2721526483014641", "name": "rick957", "surname": "morty835"}
offset = 9 , key = wablabdabdab746 , value = {"id": "wablabdabdab7461526483016779", "name": "rick479", "surname": "morty295"}
offset = 10 , key = wablabdabdab101 , value = {"id": "wablabdabdab1011526483017502", "name": "rick130", "surname": "morty755"}
offset = 11 , key = wablabdabdab452 , value = {"id": "wablabdabdab4521526483017928", "name": "rick459", "surname": "morty458"}
offset = 12 , key = wablabdabdab531 , value = {"id": "wablabdabdab5311526483018559", "name": "rick419", "surname": "morty617"}
offset = 13 , key = wablabdabdab230 , value = {"id": "wablabdabdab2301526483019192", "name": "rick64", "surname": "morty227"}
offset = 14 , key = wablabdabdab135 , value = {"id": "wablabdabdab1351526483019764", "name": "rick553", "surname": "morty2"}
offset = 15 , key = wablabdabdab381 , value = {"id": "wablabdabdab3811526483020414", "name": "rick849", "surname": "morty503"}
offset = 16 , key = wablabdabdab163 , value = {"id": "wablabdabdab1631526483020790", "name": "rick808", "surname": "morty913"}
offset = 17 , key = wablabdabdab361 , value = {"id": "wablabdabdab3611526483021625", "name": "rick88", "surname": "morty324"}
offset = 18 , key = wablabdabdab632 , value = {"id": "wablabdabdab6321526483022550", "name": "rick325", "surname": "morty13"}
offset = 19 , key = wablabdabdab735 , value = {"id": "wablabdabdab7351526483023198", "name": "rick355", "surname": "morty22"}
offset = 20 , key = wablabdabdab833 , value = {"id": "wablabdabdab8331526483024133", "name": "rick103", "surname": "morty259"}
offset = 21 , key = wablabdabdab803 , value = {"id": "wablabdabdab8031526483024827", "name": "rick304", "surname": "morty863"}
offset = 22 , key = wablabdabdab673 , value = {"id": "wablabdabdab6731526486445575", "name": "rick494", "surname": "morty15"}
offset = 23 , key = wablabdabdab958 , value = {"id": "wablabdabdab9581526486446574", "name": "rick783", "surname": "morty367"}
offset = 24 , key = wablabdabdab393 , value = {"id": "wablabdabdab3931526486447505", "name": "rick246", "surname": "morty59"}
offset = 25 , key = wablabdabdab722 , value = {"id": "wablabdabdab7221526486488951", "name": "rick243", "surname": "morty552"}
offset = 26 , key = wablabdabdab633 , value = {"id": "wablabdabdab6331526486969217", "name": "rick240", "surname": "morty130"}
offset = 27 , key = wablabdabdab581 , value = {"id": "wablabdabdab5811526487698656", "name": "rick532", "surname": "morty614"}
offset = 28 , key = wablabdabdab857 , value = {"id": "wablabdabdab8571526487699998", "name": "rick157", "surname": "morty354"}
offset = 29 , key = wablabdabdab446 , value = {"id": "wablabdabdab4461526487822844", "name": "rick614", "surname": "morty289"}
offset = 30 , key = wablabdabdab111 , value = {"id": "wablabdabdab1111526548153833", "name": "rick320", "surname": "morty665"}
offset = 31 , key = wablabdabdab672 , value = {"id": "wablabdabdab6721526548185387", "name": "rick686", "surname": "morty304"}
UserProcessor# Response: avrotopic-0@0
UserProcessor# Response: avrotopic-0@1
UserProcessor# Response: avrotopic-0@2
UserProcessor# Response: avrotopic-0@3
UserProcessor# state store key: wablabdabdab22value: {"id": "wablabdabdab221526548554847", "name": "rick499Processed", "surname": "morty302Processed"}
UserProcessor# state store key: wablabdabdab245value: {"id": "wablabdabdab2451526548547226", "name": "rick152Processed", "surname": "morty95Processed"}
UserProcessor# state store key: wablabdabdab793value: {"id": "wablabdabdab7931526548553998", "name": "rick112Processed", "surname": "morty252Processed"}
UserProcessor# state store key: wablabdabdab807value: {"id": "wablabdabdab8071526548553164", "name": "rick218Processed", "surname": "morty625Processed"}
UserProcessor#avro_consumer
offset = 0 , key = wablabdabdab245 , value = {"id": "wablabdabdab2451526548547226", "name": "rick152", "surname": "morty95"}
offset = 1 , key = wablabdabdab807 , value = {"id": "wablabdabdab8071526548553164", "name": "rick218", "surname": "morty625"}
offset = 2 , key = wablabdabdab793 , value = {"id": "wablabdabdab7931526548553998", "name": "rick112", "surname": "morty252"}
offset = 3 , key = wablabdabdab22 , value = {"id": "wablabdabdab221526548554847", "name": "rick499", "surname": "morty302"}
UserProcessor#avro_consumer
offset = 0 , key = wablabdabdab245 , value = {"id": "wablabdabdab2451526548547226", "name": "rick152", "surname": "morty95"}
offset = 1 , key = wablabdabdab807 , value = {"id": "wablabdabdab8071526548553164", "name": "rick218", "surname": "morty625"}
offset = 2 , key = wablabdabdab793 , value = {"id": "wablabdabdab7931526548553998", "name": "rick112", "surname": "morty252"}
offset = 3 , key = wablabdabdab22 , value = {"id": "wablabdabdab221526548554847", "name": "rick499", "surname": "morty302"}
UserProcessor#avro_consumer
UserProcessor#avro_consumer
java.lang.ClassCastException: org.apache.avro.generic.GenericData$Record cannot be cast to it.model.avro.AvroUser
offset = 0 , key = wablabdabdab245 , value = {"id": "wablabdabdab2451526548547226", "name": "rick152", "surname": "morty95"}
offset = 1 , key = wablabdabdab807 , value = {"id": "wablabdabdab8071526548553164", "name": "rick218", "surname": "morty625"}
offset = 2 , key = wablabdabdab793 , value = {"id": "wablabdabdab7931526548553998", "name": "rick112", "surname": "morty252"}
offset = 3 , key = wablabdabdab22 , value = {"id": "wablabdabdab221526548554847", "name": "rick499", "surname": "morty302"}
UserProcessor#avro_consumer"wablabdabdab2451526548547226": {
  "surname": "morty95",
  "name": "rick152",
  "id": "wablabdabdab2451526548547226"
}
"wablabdabdab8071526548553164": {
  "surname": "morty625",
  "name": "rick218",
  "id": "wablabdabdab8071526548553164"
}
"wablabdabdab7931526548553998": {
  "surname": "morty252",
  "name": "rick112",
  "id": "wablabdabdab7931526548553998"
}
"wablabdabdab221526548554847": {
  "surname": "morty302",
  "name": "rick499",
  "id": "wablabdabdab221526548554847"
}

offset = 0 , key = wablabdabdab245 , value = {"id": "wablabdabdab2451526548547226", "name": "rick152", "surname": "morty95"}
offset = 1 , key = wablabdabdab807 , value = {"id": "wablabdabdab8071526548553164", "name": "rick218", "surname": "morty625"}
offset = 2 , key = wablabdabdab793 , value = {"id": "wablabdabdab7931526548553998", "name": "rick112", "surname": "morty252"}
offset = 3 , key = wablabdabdab22 , value = {"id": "wablabdabdab221526548554847", "name": "rick499", "surname": "morty302"}
UserProcessor#avro_consumer{
  "surname": "morty95",
  "name": "rick152",
  "id": "wablabdabdab2451526548547226"
}
UserProcessor#avro_consumer{
  "surname": "morty625",
  "name": "rick218",
  "id": "wablabdabdab8071526548553164"
}
UserProcessor#avro_consumer{
  "surname": "morty252",
  "name": "rick112",
  "id": "wablabdabdab7931526548553998"
}
UserProcessor#avro_consumer{
  "surname": "morty302",
  "name": "rick499",
  "id": "wablabdabdab221526548554847"
}
offset = 0 , key = wablabdabdab245 , value = {"id": "wablabdabdab2451526548547226", "name": "rick152", "surname": "morty95"}
offset = 1 , key = wablabdabdab807 , value = {"id": "wablabdabdab8071526548553164", "name": "rick218", "surname": "morty625"}
offset = 2 , key = wablabdabdab793 , value = {"id": "wablabdabdab7931526548553998", "name": "rick112", "surname": "morty252"}
offset = 3 , key = wablabdabdab22 , value = {"id": "wablabdabdab221526548554847", "name": "rick499", "surname": "morty302"}
UserProcessor#avro_consumer{
  "surname": "morty95",
  "name": "rick152",
  "id": "wablabdabdab2451526548547226"
}
UserProcessor#avro_consumer{
  "surname": "morty625",
  "name": "rick218",
  "id": "wablabdabdab8071526548553164"
}
UserProcessor#avro_consumer{
  "surname": "morty252",
  "name": "rick112",
  "id": "wablabdabdab7931526548553998"
}
UserProcessor#avro_consumer{
  "surname": "morty302",
  "name": "rick499",
  "id": "wablabdabdab221526548554847"
}
offset = 0 , key = wablabdabdab245 , value = {"id": "wablabdabdab2451526548547226", "name": "rick152", "surname": "morty95"}
offset = 1 , key = wablabdabdab807 , value = {"id": "wablabdabdab8071526548553164", "name": "rick218", "surname": "morty625"}
offset = 2 , key = wablabdabdab793 , value = {"id": "wablabdabdab7931526548553998", "name": "rick112", "surname": "morty252"}
offset = 3 , key = wablabdabdab22 , value = {"id": "wablabdabdab221526548554847", "name": "rick499", "surname": "morty302"}
UserProcessor#avro_consumer{
  "surname": "morty95",
  "name": "rick152",
  "id": "wablabdabdab2451526548547226"
}
UserProcessor#avro_consumer{
  "surname": "morty625",
  "name": "rick218",
  "id": "wablabdabdab8071526548553164"
}
UserProcessor#avro_consumer{
  "surname": "morty252",
  "name": "rick112",
  "id": "wablabdabdab7931526548553998"
}
UserProcessor#avro_consumer{
  "surname": "morty302",
  "name": "rick499",
  "id": "wablabdabdab221526548554847"
}
offset = 0 , key = wablabdabdab245 , value = {"id": "wablabdabdab2451526548547226", "name": "rick152", "surname": "morty95"}
offset = 1 , key = wablabdabdab807 , value = {"id": "wablabdabdab8071526548553164", "name": "rick218", "surname": "morty625"}
offset = 2 , key = wablabdabdab793 , value = {"id": "wablabdabdab7931526548553998", "name": "rick112", "surname": "morty252"}
offset = 3 , key = wablabdabdab22 , value = {"id": "wablabdabdab221526548554847", "name": "rick499", "surname": "morty302"}
UserProcessor#avro_consumer{
  "surname": "morty95",
  "name": "rick152",
  "id": "wablabdabdab2451526548547226"
}
UserProcessor#avro_consumer{
  "surname": "morty625",
  "name": "rick218",
  "id": "wablabdabdab8071526548553164"
}
UserProcessor#avro_consumer{
  "surname": "morty252",
  "name": "rick112",
  "id": "wablabdabdab7931526548553998"
}
UserProcessor#avro_consumer{
  "surname": "morty302",
  "name": "rick499",
  "id": "wablabdabdab221526548554847"
}
offset = 0 , key = wablabdabdab245 , value = {"id": "wablabdabdab2451526548547226", "name": "rick152", "surname": "morty95"}
offset = 1 , key = wablabdabdab807 , value = {"id": "wablabdabdab8071526548553164", "name": "rick218", "surname": "morty625"}
offset = 2 , key = wablabdabdab793 , value = {"id": "wablabdabdab7931526548553998", "name": "rick112", "surname": "morty252"}
offset = 3 , key = wablabdabdab22 , value = {"id": "wablabdabdab221526548554847", "name": "rick499", "surname": "morty302"}
UserProcessor#avro_consumer{
  "surname": "morty95",
  "name": "rick152",
  "id": "wablabdabdab2451526548547226"
}
UserProcessor#avro_consumer{
  "surname": "morty625",
  "name": "rick218",
  "id": "wablabdabdab8071526548553164"
}
UserProcessor#avro_consumer{
  "surname": "morty252",
  "name": "rick112",
  "id": "wablabdabdab7931526548553998"
}
UserProcessor#avro_consumer{
  "surname": "morty302",
  "name": "rick499",
  "id": "wablabdabdab221526548554847"
}
UserProcessor# Response: avrotopic-0@4
offset = 0 , key = wablabdabdab245 , value = {"id": "wablabdabdab2451526548547226", "name": "rick152", "surname": "morty95"}
offset = 1 , key = wablabdabdab807 , value = {"id": "wablabdabdab8071526548553164", "name": "rick218", "surname": "morty625"}
offset = 2 , key = wablabdabdab793 , value = {"id": "wablabdabdab7931526548553998", "name": "rick112", "surname": "morty252"}
offset = 3 , key = wablabdabdab22 , value = {"id": "wablabdabdab221526548554847", "name": "rick499", "surname": "morty302"}
offset = 4 , key = wablabdabdab457 , value = {"id": "wablabdabdab4571526551516245", "name": "rick820", "surname": "morty986"}
UserProcessor#avro_consumer{
  "surname": "morty95",
  "name": "rick152",
  "id": "wablabdabdab2451526548547226"
}
UserProcessor#avro_consumer{
  "surname": "morty625",
  "name": "rick218",
  "id": "wablabdabdab8071526548553164"
}
UserProcessor#avro_consumer{
  "surname": "morty252",
  "name": "rick112",
  "id": "wablabdabdab7931526548553998"
}
UserProcessor#avro_consumer{
  "surname": "morty302",
  "name": "rick499",
  "id": "wablabdabdab221526548554847"
}
UserProcessor#avro_consumer{
  "surname": "morty986",
  "name": "rick820",
  "id": "wablabdabdab4571526551516245"
}
offset = 0 , key = wablabdabdab245 , value = {"id": "wablabdabdab2451526548547226", "name": "rick152", "surname": "morty95"}
offset = 1 , key = wablabdabdab807 , value = {"id": "wablabdabdab8071526548553164", "name": "rick218", "surname": "morty625"}
offset = 2 , key = wablabdabdab793 , value = {"id": "wablabdabdab7931526548553998", "name": "rick112", "surname": "morty252"}
offset = 3 , key = wablabdabdab22 , value = {"id": "wablabdabdab221526548554847", "name": "rick499", "surname": "morty302"}
offset = 4 , key = wablabdabdab457 , value = {"id": "wablabdabdab4571526551516245", "name": "rick820", "surname": "morty986"}
UserProcessor#avro_consumer{
  "surname": "morty95",
  "name": "rick152",
  "id": "wablabdabdab2451526548547226"
}
UserProcessor#avro_consumer{
  "surname": "morty625",
  "name": "rick218",
  "id": "wablabdabdab8071526548553164"
}
UserProcessor#avro_consumer{
  "surname": "morty252",
  "name": "rick112",
  "id": "wablabdabdab7931526548553998"
}
UserProcessor#avro_consumer{
  "surname": "morty302",
  "name": "rick499",
  "id": "wablabdabdab221526548554847"
}
UserProcessor#avro_consumer{
  "surname": "morty986",
  "name": "rick820",
  "id": "wablabdabdab4571526551516245"
}
offset = 0 , key = wablabdabdab245 , value = {"id": "wablabdabdab2451526548547226", "name": "rick152", "surname": "morty95"}
offset = 1 , key = wablabdabdab807 , value = {"id": "wablabdabdab8071526548553164", "name": "rick218", "surname": "morty625"}
offset = 2 , key = wablabdabdab793 , value = {"id": "wablabdabdab7931526548553998", "name": "rick112", "surname": "morty252"}
offset = 3 , key = wablabdabdab22 , value = {"id": "wablabdabdab221526548554847", "name": "rick499", "surname": "morty302"}
offset = 4 , key = wablabdabdab457 , value = {"id": "wablabdabdab4571526551516245", "name": "rick820", "surname": "morty986"}
offset = 0 , key = wablabdabdab245 , value = {"id": "wablabdabdab2451526548547226", "name": "rick152", "surname": "morty95"}
offset = 1 , key = wablabdabdab807 , value = {"id": "wablabdabdab8071526548553164", "name": "rick218", "surname": "morty625"}
offset = 2 , key = wablabdabdab793 , value = {"id": "wablabdabdab7931526548553998", "name": "rick112", "surname": "morty252"}
offset = 3 , key = wablabdabdab22 , value = {"id": "wablabdabdab221526548554847", "name": "rick499", "surname": "morty302"}
offset = 4 , key = wablabdabdab457 , value = {"id": "wablabdabdab4571526551516245", "name": "rick820", "surname": "morty986"}
offset = 0 , key = wablabdabdab245 , value = {"id": "wablabdabdab2451526548547226", "name": "rick152", "surname": "morty95"}
offset = 1 , key = wablabdabdab807 , value = {"id": "wablabdabdab8071526548553164", "name": "rick218", "surname": "morty625"}
offset = 2 , key = wablabdabdab793 , value = {"id": "wablabdabdab7931526548553998", "name": "rick112", "surname": "morty252"}
offset = 3 , key = wablabdabdab22 , value = {"id": "wablabdabdab221526548554847", "name": "rick499", "surname": "morty302"}
offset = 4 , key = wablabdabdab457 , value = {"id": "wablabdabdab4571526551516245", "name": "rick820", "surname": "morty986"}
offset = 0 , key = wablabdabdab245 , value = {"id": "wablabdabdab2451526548547226", "name": "rick152", "surname": "morty95"}
offset = 1 , key = wablabdabdab807 , value = {"id": "wablabdabdab8071526548553164", "name": "rick218", "surname": "morty625"}
offset = 2 , key = wablabdabdab793 , value = {"id": "wablabdabdab7931526548553998", "name": "rick112", "surname": "morty252"}
offset = 3 , key = wablabdabdab22 , value = {"id": "wablabdabdab221526548554847", "name": "rick499", "surname": "morty302"}
offset = 4 , key = wablabdabdab457 , value = {"id": "wablabdabdab4571526551516245", "name": "rick820", "surname": "morty986"}
offset = 0 , key = wablabdabdab245 , value = {"id": "wablabdabdab2451526548547226", "name": "rick152", "surname": "morty95"}
offset = 1 , key = wablabdabdab807 , value = {"id": "wablabdabdab8071526548553164", "name": "rick218", "surname": "morty625"}
offset = 2 , key = wablabdabdab793 , value = {"id": "wablabdabdab7931526548553998", "name": "rick112", "surname": "morty252"}
offset = 3 , key = wablabdabdab22 , value = {"id": "wablabdabdab221526548554847", "name": "rick499", "surname": "morty302"}
offset = 4 , key = wablabdabdab457 , value = {"id": "wablabdabdab4571526551516245", "name": "rick820", "surname": "morty986"}
UserProcessor# Response: {
  "surname": "morty95",
  "name": "rick152",
  "id": "wablabdabdab2451526548547226"
}
UserProcessor# Response: {
  "surname": "morty625",
  "name": "rick218",
  "id": "wablabdabdab8071526548553164"
}
UserProcessor# Response: {
  "surname": "morty252",
  "name": "rick112",
  "id": "wablabdabdab7931526548553998"
}
UserProcessor# Response: {
  "surname": "morty302",
  "name": "rick499",
  "id": "wablabdabdab221526548554847"
}
UserProcessor# Response: {
  "surname": "morty986",
  "name": "rick820",
  "id": "wablabdabdab4571526551516245"
}
offset = 0 , key = wablabdabdab245 , value = {"id": "wablabdabdab2451526548547226", "name": "rick152", "surname": "morty95"}
offset = 1 , key = wablabdabdab807 , value = {"id": "wablabdabdab8071526548553164", "name": "rick218", "surname": "morty625"}
offset = 2 , key = wablabdabdab793 , value = {"id": "wablabdabdab7931526548553998", "name": "rick112", "surname": "morty252"}
offset = 3 , key = wablabdabdab22 , value = {"id": "wablabdabdab221526548554847", "name": "rick499", "surname": "morty302"}
offset = 4 , key = wablabdabdab457 , value = {"id": "wablabdabdab4571526551516245", "name": "rick820", "surname": "morty986"}
UserProcessor# Response: {
  "surname": "morty95",
  "name": "rick152",
  "id": "wablabdabdab2451526548547226"
}
UserProcessor# Response: {
  "surname": "morty625",
  "name": "rick218",
  "id": "wablabdabdab8071526548553164"
}
UserProcessor# Response: {
  "surname": "morty252",
  "name": "rick112",
  "id": "wablabdabdab7931526548553998"
}
UserProcessor# Response: {
  "surname": "morty302",
  "name": "rick499",
  "id": "wablabdabdab221526548554847"
}
UserProcessor# Response: {
  "surname": "morty986",
  "name": "rick820",
  "id": "wablabdabdab4571526551516245"
}
offset = 0 , key = wablabdabdab245 , value = {"id": "wablabdabdab2451526548547226", "name": "rick152", "surname": "morty95"}
offset = 1 , key = wablabdabdab807 , value = {"id": "wablabdabdab8071526548553164", "name": "rick218", "surname": "morty625"}
offset = 2 , key = wablabdabdab793 , value = {"id": "wablabdabdab7931526548553998", "name": "rick112", "surname": "morty252"}
offset = 3 , key = wablabdabdab22 , value = {"id": "wablabdabdab221526548554847", "name": "rick499", "surname": "morty302"}
offset = 4 , key = wablabdabdab457 , value = {"id": "wablabdabdab4571526551516245", "name": "rick820", "surname": "morty986"}
offset = 0 , key = wablabdabdab245 , value = {"id": "wablabdabdab2451526548547226", "name": "rick152", "surname": "morty95"}
offset = 1 , key = wablabdabdab807 , value = {"id": "wablabdabdab8071526548553164", "name": "rick218", "surname": "morty625"}
offset = 2 , key = wablabdabdab793 , value = {"id": "wablabdabdab7931526548553998", "name": "rick112", "surname": "morty252"}
offset = 3 , key = wablabdabdab22 , value = {"id": "wablabdabdab221526548554847", "name": "rick499", "surname": "morty302"}
offset = 4 , key = wablabdabdab457 , value = {"id": "wablabdabdab4571526551516245", "name": "rick820", "surname": "morty986"}
UserProcessor# Response: avrotopic-0@0
UserProcessor# Response: avrotopic-0@1
UserProcessor# Response: avrotopic-0@2
offset = 0 , key = wablabdabdab457 , value = {"id": "wablabdabdab4571526554178266", "name": "rick22", "surname": "morty393"}
offset = 1 , key = wablabdabdab453 , value = {"id": "wablabdabdab4531526554187975", "name": "rick384", "surname": "morty251"}
offset = 2 , key = wablabdabdab584 , value = {"id": "wablabdabdab5841526554189280", "name": "rick153", "surname": "morty122"}
UserProcessor# Response: {"surname":"morty393","name":"rick22","id":"wablabdabdab4571526554178266"}
UserProcessor# Response: {"surname":"morty251","name":"rick384","id":"wablabdabdab4531526554187975"}
UserProcessor# Response: {"surname":"morty122","name":"rick153","id":"wablabdabdab5841526554189280"}
offset = 0 , key = wablabdabdab457 , value = {"id": "wablabdabdab4571526554178266", "name": "rick22", "surname": "morty393"}
offset = 1 , key = wablabdabdab453 , value = {"id": "wablabdabdab4531526554187975", "name": "rick384", "surname": "morty251"}
offset = 2 , key = wablabdabdab584 , value = {"id": "wablabdabdab5841526554189280", "name": "rick153", "surname": "morty122"}
offset = 0 , key = wablabdabdab457 , value = {"id": "wablabdabdab4571526554178266", "name": "rick22", "surname": "morty393"}
offset = 1 , key = wablabdabdab453 , value = {"id": "wablabdabdab4531526554187975", "name": "rick384", "surname": "morty251"}
offset = 2 , key = wablabdabdab584 , value = {"id": "wablabdabdab5841526554189280", "name": "rick153", "surname": "morty122"}
UserProcessor# Response: {"surname":"morty393","name":"rick22","id":"wablabdabdab4571526554178266"}
UserProcessor# Response: {"surname":"morty251","name":"rick384","id":"wablabdabdab4531526554187975"}
UserProcessor# Response: {"surname":"morty122","name":"rick153","id":"wablabdabdab5841526554189280"}
offset = 0 , key = wablabdabdab457 , value = {"id": "wablabdabdab4571526554178266", "name": "rick22", "surname": "morty393"}
offset = 1 , key = wablabdabdab453 , value = {"id": "wablabdabdab4531526554187975", "name": "rick384", "surname": "morty251"}
offset = 2 , key = wablabdabdab584 , value = {"id": "wablabdabdab5841526554189280", "name": "rick153", "surname": "morty122"}
